2021-03-07 18:24:15 INFO  Main:13 - HELLO
2021-03-07 18:26:51 INFO  Main:15 - HELLO2
2021-03-07 18:46:51 INFO  Main:18 - Checking OS.....
2021-03-07 18:47:32 INFO  Main:18 - Checking OS.....
2021-03-07 18:47:32 INFO  Main:34 - OS type getting successfully
2021-03-07 18:48:31 INFO  Main:18 - Checking OS.....
2021-03-07 18:48:31 INFO  Main:39 - OSwindows 10
2021-03-07 18:48:31 INFO  Main:34 - OS type getting successfully
2021-03-07 18:48:31 INFO  Main:39 - OSwindows 10
2021-03-07 18:49:40 INFO  Main:18 - Checking OS.....
2021-03-07 18:49:40 INFO  Main:39 - OSwindows 10
2021-03-07 18:49:40 INFO  Main:34 - OS type getting successfully
2021-03-07 18:49:40 INFO  Main:39 - OSwindows 10
2021-03-07 18:50:16 INFO  Main:18 - Checking OS.....
2021-03-07 18:50:16 INFO  Main:39 - OSwindows 10
2021-03-07 18:50:16 INFO  Main:34 - OS type getting successfully
2021-03-07 19:02:20 INFO  Main:15 - Checking OS.....
2021-03-07 19:02:20 INFO  Main:18 - Current OS type name - WINDOWS
2021-03-07 19:08:39 INFO  Main:15 - Checking OS.....
2021-03-07 19:08:39 INFO  Main:18 - Current OS type name - WINDOWS
2021-03-07 19:08:39 INFO  Main:22 - Instance created successfully
2021-03-07 19:11:30 INFO  Main:17 - Checking OS.....
2021-03-07 19:11:30 INFO  Main:20 - Current OS type name - WINDOWS
2021-03-07 19:11:30 INFO  Main:35 - OPEN CV4.5.1
2021-03-07 19:11:30 INFO  Main:22 - Instance created successfully
2021-03-07 19:17:04 INFO  Main:17 - Checking OS.....
2021-03-07 19:17:04 INFO  Main:20 - Current OS type name - OTHER
2021-03-07 19:17:31 INFO  Main:17 - Checking OS.....
2021-03-07 19:17:31 INFO  Main:20 - Current OS type name - WINDOWS
2021-03-07 19:17:31 INFO  Main:35 - OpenCV version4.5.1
2021-03-07 19:17:31 INFO  Main:22 - Instance created successfully
2021-03-07 19:18:01 INFO  Main:17 - Checking OS.....
2021-03-07 19:18:01 INFO  Main:20 - Current OS type name - WINDOWS
2021-03-07 19:18:01 INFO  Main:35 - OpenCV version4.5.1
2021-03-07 19:18:01 DEBUG Main:22 - Instance created successfully
2021-03-09 19:59:57 INFO  Main:18 - Checking OS.....
2021-03-09 19:59:57 INFO  Main:21 - Current OS type name - WINDOWS
2021-03-09 19:59:57 INFO  Main:36 - OpenCV version4.5.1
2021-03-09 19:59:57 DEBUG Main:22 - Instance created successfully
2021-03-09 20:01:44 INFO  Main:18 - Checking OS.....
2021-03-09 20:01:44 INFO  Main:41 - OSwindows 10
2021-03-09 20:01:44 INFO  Main:21 - Current OS type name - WINDOWS
2021-03-09 20:01:44 INFO  Main:36 - OpenCV version4.5.1
2021-03-09 20:01:44 DEBUG Main:22 - Instance created successfully
2021-03-09 20:29:25 INFO  Main:23 - PATH_TO_NATIVE_LIB_WINDOWSru.sfedu.cv.PathToNativeLibs.Windows
2021-03-09 20:29:49 INFO  Main:23 - PATH_TO_NATIVE_LIB_WINDOWSru.sfedu.cv.PathToNativeLibs.Windows
2021-03-09 20:30:38 INFO  Main:25 - PATH_TO_NATIVE_LIB_WINDOWSru.sfedu.cv.PathToNativeLibs.Windows
2021-03-09 22:12:46 INFO  ImageAPI:24 - Checking OS.....
2021-03-09 22:12:46 INFO  ImageAPI:47 - OSwindows 10
2021-03-09 22:12:46 INFO  ImageAPI:27 - Current OS type name - WINDOWS
2021-03-09 22:12:46 INFO  ImageAPI:42 - OpenCV version4.5.1
2021-03-09 22:12:46 DEBUG ImageAPITest:36 - Instance created successfully
2021-03-09 22:14:09 INFO  ImageAPI:24 - Checking OS.....
2021-03-09 22:14:09 INFO  ImageAPI:47 - OSwindows 10
2021-03-09 22:14:09 INFO  ImageAPI:27 - Current OS type name - WINDOWS
2021-03-09 22:14:09 INFO  ImageAPI:42 - OpenCV version4.5.1
2021-03-09 22:14:09 DEBUG ImageAPITest:36 - Instance created successfully
2021-03-09 22:16:23 INFO  ImageAPI:24 - Checking OS.....
2021-03-09 22:16:23 INFO  ImageAPI:47 - OSwindows 10
2021-03-09 22:16:23 INFO  ImageAPI:27 - Current OS type name - WINDOWS
2021-03-09 22:16:23 INFO  ImageAPI:42 - OpenCV version4.5.1
2021-03-09 22:16:23 DEBUG ImageAPITest:36 - Instance created successfully
2021-03-09 22:18:01 INFO  ImageAPI:24 - Checking OS.....
2021-03-09 22:18:01 INFO  ImageAPI:47 - OSwindows 10
2021-03-09 22:18:01 INFO  ImageAPI:27 - Current OS type name - WINDOWS
2021-03-09 22:18:01 INFO  ImageAPI:42 - OpenCV version4.5.1
2021-03-09 22:18:01 DEBUG ImageAPITest:36 - Instance created successfully
2021-03-09 22:18:07 INFO  ImageAPI:24 - Checking OS.....
2021-03-09 22:18:07 INFO  ImageAPI:47 - OSwindows 10
2021-03-09 22:18:07 INFO  ImageAPI:27 - Current OS type name - WINDOWS
2021-03-09 22:18:07 INFO  ImageAPI:42 - OpenCV version4.5.1
2021-03-09 22:18:07 DEBUG ImageAPITest:36 - Instance created successfully
2021-03-09 22:20:27 INFO  ImageAPI:24 - Checking OS.....
2021-03-09 22:20:27 INFO  ImageAPI:47 - OSwindows 10
2021-03-09 22:20:27 INFO  ImageAPI:27 - Current OS type name - WINDOWS
2021-03-09 22:20:27 INFO  ImageAPI:42 - OpenCV version4.5.1
2021-03-09 22:20:27 DEBUG ImageAPITest:36 - Instance created successfully
2021-03-09 22:31:01 INFO  ImageAPI:24 - Checking OS.....
2021-03-09 22:31:01 INFO  ImageAPI:47 - OSwindows 10
2021-03-09 22:31:01 INFO  ImageAPI:27 - Current OS type name - WINDOWS
2021-03-09 22:31:01 INFO  ImageAPI:42 - OpenCV version4.5.1
2021-03-09 22:31:01 DEBUG ImageAPITest:36 - Instance created successfully
2021-03-09 22:42:38 INFO  ImageAPI:24 - Checking OS.....
2021-03-09 22:42:38 INFO  ImageAPI:47 - OSwindows 10
2021-03-09 22:42:38 INFO  ImageAPI:27 - Current OS type name - WINDOWS
2021-03-09 22:42:38 INFO  ImageAPI:42 - OpenCV version4.5.1
2021-03-09 22:42:38 DEBUG ImageAPITest:36 - Instance created successfully
2021-03-09 22:44:01 INFO  ImageAPI:24 - Checking OS.....
2021-03-09 22:44:01 INFO  ImageAPI:47 - OSwindows 10
2021-03-09 22:44:01 INFO  ImageAPI:27 - Current OS type name - WINDOWS
2021-03-09 22:44:01 INFO  ImageAPI:42 - OpenCV version4.5.1
2021-03-09 22:44:01 DEBUG ImageAPITest:36 - Instance created successfully
2021-03-09 22:45:37 INFO  ImageAPI:24 - Checking OS.....
2021-03-09 22:45:37 INFO  ImageAPI:47 - OSwindows 10
2021-03-09 22:45:37 INFO  ImageAPI:27 - Current OS type name - WINDOWS
2021-03-09 22:45:37 INFO  ImageAPI:42 - OpenCV version4.5.1
2021-03-09 22:45:37 DEBUG ImageAPITest:36 - Instance created successfully
2021-03-09 22:46:39 INFO  ImageAPI:24 - Checking OS.....
2021-03-09 22:46:39 INFO  ImageAPI:47 - OSwindows 10
2021-03-09 22:46:39 INFO  ImageAPI:27 - Current OS type name - WINDOWS
2021-03-09 22:46:39 INFO  ImageAPI:42 - OpenCV version4.5.1
2021-03-09 22:46:39 DEBUG ImageAPITest:36 - Instance created successfully
2021-03-09 22:47:00 INFO  ImageAPI:24 - Checking OS.....
2021-03-09 22:47:00 INFO  ImageAPI:47 - OSwindows 10
2021-03-09 22:47:00 INFO  ImageAPI:27 - Current OS type name - WINDOWS
2021-03-09 22:47:00 INFO  ImageAPI:42 - OpenCV version4.5.1
2021-03-09 22:47:00 DEBUG ImageAPITest:36 - Instance created successfully
2021-03-09 22:47:54 INFO  ImageAPI:24 - Checking OS.....
2021-03-09 22:47:54 INFO  ImageAPI:47 - OSwindows 10
2021-03-09 22:47:54 INFO  ImageAPI:27 - Current OS type name - WINDOWS
2021-03-09 22:47:54 INFO  ImageAPI:42 - OpenCV version4.5.1
2021-03-09 22:47:54 DEBUG ImageAPITest:36 - Instance created successfully
2021-03-09 22:56:41 INFO  ImageAPI:24 - Checking OS.....
2021-03-09 22:56:41 INFO  ImageAPI:47 - OSwindows 10
2021-03-09 22:56:41 INFO  ImageAPI:27 - Current OS type name - WINDOWS
2021-03-09 22:56:41 INFO  ImageAPI:42 - OpenCV version4.5.1
2021-03-09 22:56:41 DEBUG ImageAPITest:37 - Instance created successfully
2021-03-09 22:58:39 INFO  ImageAPI:24 - Checking OS.....
2021-03-09 22:58:39 INFO  ImageAPI:47 - OSwindows 10
2021-03-09 22:58:39 INFO  ImageAPI:27 - Current OS type name - WINDOWS
2021-03-09 22:58:39 INFO  ImageAPI:42 - OpenCV version4.5.1
2021-03-09 22:58:39 DEBUG ImageAPITest:37 - Instance created successfully
2021-03-09 23:01:30 INFO  ImageAPI:24 - Checking OS.....
2021-03-09 23:01:30 INFO  ImageAPI:47 - OSwindows 10
2021-03-09 23:01:30 INFO  ImageAPI:27 - Current OS type name - WINDOWS
2021-03-09 23:01:31 INFO  ImageAPI:42 - OpenCV version4.5.1
2021-03-09 23:01:31 DEBUG ImageAPITest:37 - Instance created successfully
2021-03-09 23:11:37 INFO  ImageAPI:24 - Checking OS.....
2021-03-09 23:11:37 INFO  ImageAPI:47 - OSwindows 10
2021-03-09 23:11:37 INFO  ImageAPI:27 - Current OS type name - WINDOWS
2021-03-09 23:11:37 INFO  ImageAPI:42 - OpenCV version4.5.1
2021-03-09 23:11:37 DEBUG ImageAPITest:37 - Instance created successfully
2021-03-09 23:14:27 INFO  ImageAPI:24 - Checking OS.....
2021-03-09 23:14:27 INFO  ImageAPI:47 - OSwindows 10
2021-03-09 23:14:27 INFO  ImageAPI:27 - Current OS type name - WINDOWS
2021-03-09 23:14:27 INFO  ImageAPI:42 - OpenCV version4.5.1
2021-03-09 23:14:27 DEBUG ImageAPITest:37 - Instance created successfully
2021-03-09 23:15:24 INFO  ImageAPI:24 - Checking OS.....
2021-03-09 23:15:24 INFO  ImageAPI:47 - OSwindows 10
2021-03-09 23:15:24 INFO  ImageAPI:27 - Current OS type name - WINDOWS
2021-03-09 23:15:24 INFO  ImageAPI:42 - OpenCV version4.5.1
2021-03-09 23:15:24 DEBUG ImageAPITest:37 - Instance created successfully
2021-03-09 23:16:12 INFO  ImageAPI:24 - Checking OS.....
2021-03-09 23:16:12 INFO  ImageAPI:47 - OSwindows 10
2021-03-09 23:16:12 INFO  ImageAPI:27 - Current OS type name - WINDOWS
2021-03-09 23:16:12 INFO  ImageAPI:42 - OpenCV version4.5.1
2021-03-09 23:16:12 DEBUG ImageAPITest:37 - Instance created successfully
2021-03-09 23:19:33 INFO  ImageAPI:24 - Checking OS.....
2021-03-09 23:19:33 INFO  ImageAPI:47 - OSwindows 10
2021-03-09 23:19:33 INFO  ImageAPI:27 - Current OS type name - WINDOWS
2021-03-09 23:19:33 INFO  ImageAPI:42 - OpenCV version4.5.1
2021-03-09 23:19:33 DEBUG ImageAPITest:39 - Instance created successfully
2021-03-09 23:19:44 INFO  ImageAPI:24 - Checking OS.....
2021-03-09 23:19:44 INFO  ImageAPI:47 - OSwindows 10
2021-03-09 23:19:44 INFO  ImageAPI:27 - Current OS type name - WINDOWS
2021-03-09 23:19:44 INFO  ImageAPI:42 - OpenCV version4.5.1
2021-03-09 23:19:44 DEBUG ImageAPITest:39 - Instance created successfully
2021-03-09 23:20:24 INFO  ImageAPI:24 - Checking OS.....
2021-03-09 23:20:24 INFO  ImageAPI:47 - OSwindows 10
2021-03-09 23:20:24 INFO  ImageAPI:27 - Current OS type name - WINDOWS
2021-03-09 23:20:24 INFO  ImageAPI:42 - OpenCV version4.5.1
2021-03-09 23:20:24 DEBUG ImageAPITest:39 - Instance created successfully
2021-03-09 23:22:28 INFO  ImageAPI:24 - Checking OS.....
2021-03-09 23:22:28 INFO  ImageAPI:47 - OSwindows 10
2021-03-09 23:22:28 INFO  ImageAPI:27 - Current OS type name - WINDOWS
2021-03-09 23:22:28 INFO  ImageAPI:42 - OpenCV version4.5.1
2021-03-09 23:22:28 DEBUG ImageAPITest:42 - Instance created successfully
2021-03-09 23:25:48 INFO  ImageAPI:24 - Checking OS.....
2021-03-09 23:25:48 INFO  ImageAPI:47 - OSwindows 10
2021-03-09 23:25:48 INFO  ImageAPI:27 - Current OS type name - WINDOWS
2021-03-09 23:25:48 INFO  ImageAPI:42 - OpenCV version4.5.1
2021-03-09 23:25:48 DEBUG ImageAPITest:39 - Instance created successfully
2021-03-09 23:26:51 INFO  ImageAPI:24 - Checking OS.....
2021-03-09 23:26:51 INFO  ImageAPI:47 - OSwindows 10
2021-03-09 23:26:51 INFO  ImageAPI:27 - Current OS type name - WINDOWS
2021-03-09 23:26:51 INFO  ImageAPI:42 - OpenCV version4.5.1
2021-03-09 23:26:51 DEBUG ImageAPITest:39 - Instance created successfully
2021-03-09 23:27:18 INFO  ImageAPI:24 - Checking OS.....
2021-03-09 23:27:18 INFO  ImageAPI:47 - OSwindows 10
2021-03-09 23:27:18 INFO  ImageAPI:27 - Current OS type name - WINDOWS
2021-03-09 23:27:18 INFO  ImageAPI:42 - OpenCV version4.5.1
2021-03-09 23:27:18 DEBUG ImageAPITest:39 - Instance created successfully
